<?xml version="1.0" encoding="UTF-8"?>
<!-- Generated by org.testng.reporters.JUnitXMLReporter -->
<testsuite ignored="4" hostname="talentelgia-System-Product-Name" failures="0" tests="1" name="Default test" time="8.791" errors="0" timestamp="2020-03-20T05:28:04 GMT-04:00">
  <testcase classname="com.qa.testcases.SearchPageTest" name="BlankSearchFieldTest" time="2.139"/>
  <testcase classname="com.qa.testcases.SearchPageTest" name="keyboardTest" time="0.0">
    <ignored/>
  </testcase> <!-- keyboardTest -->
  <testcase classname="com.qa.testcases.SearchPageTest" name="invalidKeywordTest" time="0.0">
    <ignored/>
  </testcase> <!-- invalidKeywordTest -->
  <testcase classname="com.qa.testcases.SearchPageTest" name="autoSuggestionsTest" time="0.0">
    <ignored/>
  </testcase> <!-- autoSuggestionsTest -->
  <testcase classname="com.qa.testcases.SearchPageTest" name="searchFieldTest" time="0.0">
    <ignored/>
  </testcase> <!-- searchFieldTest -->
</testsuite> <!-- Default test -->
