<?xml version="1.0" encoding="UTF-8"?>
<!-- Generated by org.testng.reporters.JUnitXMLReporter -->
<testsuite ignored="2" hostname="talentelgia-System-Product-Name" failures="0" tests="1" name="Default test" time="9.298" errors="0" timestamp="2020-03-20T02:28:18 GMT-04:00">
  <testcase classname="com.qa.testcases.SearchPageTest" name="keyboardTest" time="2.532"/>
  <testcase classname="com.qa.testcases.SearchPageTest" name="autoSuggestionsTest" time="0.0">
    <ignored/>
  </testcase> <!-- autoSuggestionsTest -->
  <testcase classname="com.qa.testcases.SearchPageTest" name="searchFieldTest" time="0.0">
    <ignored/>
  </testcase> <!-- searchFieldTest -->
</testsuite> <!-- Default test -->
