<?xml version="1.0" encoding="UTF-8"?>
<!-- Generated by org.testng.reporters.JUnitXMLReporter -->
<testsuite ignored="3" hostname="talentelgia-System-Product-Name" failures="0" tests="1" name="Default test" time="9.152" errors="0" timestamp="2020-03-20T04:06:16 GMT-04:00">
  <testcase classname="com.qa.testcases.SearchPageTest" name="invalidKeywordTest" time="2.303"/>
  <testcase classname="com.qa.testcases.SearchPageTest" name="keyboardTest" time="0.0">
    <ignored/>
  </testcase> <!-- keyboardTest -->
  <testcase classname="com.qa.testcases.SearchPageTest" name="autoSuggestionsTest" time="0.0">
    <ignored/>
  </testcase> <!-- autoSuggestionsTest -->
  <testcase classname="com.qa.testcases.SearchPageTest" name="searchFieldTest" time="0.0">
    <ignored/>
  </testcase> <!-- searchFieldTest -->
</testsuite> <!-- Default test -->
