<?xml version="1.0" encoding="UTF-8"?>
<testng-results ignored="4" total="5" passed="1" failed="0" skipped="0">
  <reporter-output>
  </reporter-output>
  <suite started-at="2020-03-20T05:27:55 GMT-04:00" name="Default suite" finished-at="2020-03-20T05:28:04 GMT-04:00" duration-ms="8791">
    <groups>
    </groups>
    <test started-at="2020-03-20T05:27:55 GMT-04:00" name="Default test" finished-at="2020-03-20T05:28:04 GMT-04:00" duration-ms="8791">
      <class name="com.qa.testcases.SearchPageTest">
        <test-method is-config="true" signature="setUp()[pri:0, instance:com.qa.testcases.SearchPageTest@1a84f40f]" started-at="2020-03-20T05:27:55 GMT-04:00" name="setUp" finished-at="2020-03-20T05:28:01 GMT-04:00" duration-ms="6635" status="PASS">
          <reporter-output>
          </reporter-output>
        </test-method> <!-- setUp -->
        <test-method signature="BlankSearchFieldTest()[pri:0, instance:com.qa.testcases.SearchPageTest@1a84f40f]" started-at="2020-03-20T05:28:01 GMT-04:00" name="BlankSearchFieldTest" finished-at="2020-03-20T05:28:04 GMT-04:00" duration-ms="2139" status="PASS">
          <reporter-output>
          </reporter-output>
        </test-method> <!-- BlankSearchFieldTest -->
      </class> <!-- com.qa.testcases.SearchPageTest -->
    </test> <!-- Default test -->
  </suite> <!-- Default suite -->
</testng-results>
